<?xml version="1.0" encoding="UTF-8"?>
<testsuite xmlns:xsi="http://www.w3.org/2001/XMLSchema-instance" xsi:noNamespaceSchemaLocation="https://maven.apache.org/surefire/maven-surefire-plugin/xsd/surefire-test-report.xsd" name="pl.put.poznan.tools.logic.JSONDeminificationTest" time="0.309" tests="7" errors="0" skipped="0" failures="0">
  <properties>
[...]
</properties>
  <testcase name="undecorateMiniTestWithLists" classname="pl.put.poznan.tools.logic.JSONDeminificationTest" time="0.285"/>
  <testcase name="undecorateMiniTestNested" classname="pl.put.poznan.tools.logic.JSONDeminificationTest" time="0.001"/>
  <testcase name="undecorateMiniTestSimple" classname="pl.put.poznan.tools.logic.JSONDeminificationTest" time="0.001"/>
  <testcase name="undecorateMiniTestDeminified" classname="pl.put.poznan.tools.logic.JSONDeminificationTest" time="0"/>
  <testcase name="undecorateMiniTestSimpleList" classname="pl.put.poznan.tools.logic.JSONDeminificationTest" time="0"/>
  <testcase name="undecorateMiniTestEmpty" classname="pl.put.poznan.tools.logic.JSONDeminificationTest" time="0.001"/>
  <testcase name="undecorateMiniTestWrong" classname="pl.put.poznan.tools.logic.JSONDeminificationTest" time="0.02"/>
</testsuite>